<?xml version="1.0" encoding="UTF-8"?>
<testsuite name="site.uoucampus.app.RoutingTest" tests="2" skipped="0" failures="0" errors="0" timestamp="2026-09-16T05:43:10" hostname="seonghongje-ui-MacBookPro.local" time="0.112">
  <properties/>
  <testcase name="routesMatchWeb" classname="site.uoucampus.app.RoutingTest" time="0.091"/>
  <testcase name="roomRepair" classname="site.uoucampus.app.RoutingTest" time="0.02"/>
  <system-out><![CDATA[]]></system-out>
  <system-err><![CDATA[]]></system-err>
</testsuite>
